<?xml version="1.0" encoding="UTF-8"?>
<!-- Generated by org.testng.reporters.JUnitReportReporter -->
<testsuite hostname="LAPTOP-TTK9O8V7" failures="0" tests="1" name="basicOfTestNG.Login" time="11.421" errors="0" timestamp="2023-11-01T11:39:40 IST" skipped="0">
  <testcase classname="basicOfTestNG.Login" name="login" time="11.421"/>
</testsuite> <!-- basicOfTestNG.Login -->
